<?xml version="1.0" encoding="UTF-8"?>
<testng-results ignored="0" total="1" passed="1" failed="0" skipped="0">
  <reporter-output>
  </reporter-output>
  <suite started-at="2021-04-23T18:23:52 IST" name="Default suite" finished-at="2021-04-23T18:24:19 IST" duration-ms="26399">
    <groups>
    </groups>
    <test started-at="2021-04-23T18:23:52 IST" name="Default test" finished-at="2021-04-23T18:24:19 IST" duration-ms="26399">
      <class name="Pom.TestCaseRepo.Createcmpeign">
        <test-method is-config="true" signature="BC()[pri:0, instance:Pom.TestCaseRepo.Createcmpeign@186f8716]" started-at="2021-04-23T18:23:52 IST" name="BC" finished-at="2021-04-23T18:23:55 IST" duration-ms="3209" status="PASS">
          <reporter-output>
          </reporter-output>
        </test-method> <!-- BC -->
        <test-method is-config="true" signature="BM()[pri:0, instance:Pom.TestCaseRepo.Createcmpeign@186f8716]" started-at="2021-04-23T18:23:55 IST" name="BM" finished-at="2021-04-23T18:24:04 IST" duration-ms="8101" status="PASS">
          <reporter-output>
          </reporter-output>
        </test-method> <!-- BM -->
        <test-method signature="samplecampgn()[pri:0, instance:Pom.TestCaseRepo.Createcmpeign@186f8716]" started-at="2021-04-23T18:24:04 IST" name="samplecampgn" finished-at="2021-04-23T18:24:17 IST" duration-ms="13133" status="PASS">
          <reporter-output>
          </reporter-output>
        </test-method> <!-- samplecampgn -->
        <test-method is-config="true" signature="AM()[pri:0, instance:Pom.TestCaseRepo.Createcmpeign@186f8716]" started-at="2021-04-23T18:24:17 IST" name="AM" finished-at="2021-04-23T18:24:18 IST" duration-ms="1695" status="PASS">
          <reporter-output>
          </reporter-output>
        </test-method> <!-- AM -->
        <test-method is-config="true" signature="AC()[pri:0, instance:Pom.TestCaseRepo.Createcmpeign@186f8716]" started-at="2021-04-23T18:24:18 IST" name="AC" finished-at="2021-04-23T18:24:19 IST" duration-ms="184" status="PASS">
          <reporter-output>
          </reporter-output>
        </test-method> <!-- AC -->
      </class> <!-- Pom.TestCaseRepo.Createcmpeign -->
    </test> <!-- Default test -->
  </suite> <!-- Default suite -->
</testng-results>
